*** Starting uWSGI 2.0.10 (32bit) on [Fri Apr 17 18:24:19 2015] ***
compiled with version: 4.6.3 on 16 April 2015 17:30:06
os: Linux-3.13.0-32-generic #57~precise1-Ubuntu SMP Tue Jul 15 03:50:54 UTC 2014
nodename: cucu-a
machine: i686
clock source: unix
detected number of CPU cores: 1
current working directory: /home/cucu/web
detected binary path: /usr/local/bin/uwsgi
!!! no internal routing support, rebuild with pcre support !!!
*** WARNING: you are running uWSGI without its master process manager ***
your processes number limit is 15976
your memory page size is 4096 bytes
detected max file descriptor number: 1024
lock engine: pthread robust mutexes
thunder lock: disabled (you can enable it with --thunder-lock)
uwsgi socket 0 bound to TCP address :8000 fd 3
Python version: 2.7.3 (default, Dec 18 2014, 19:15:23)  [GCC 4.6.3]
*** Python threads support is disabled. You can enable it with --enable-threads ***
Python main interpreter initialized at 0x8a03e08
your server socket listen backlog is limited to 100 connections
your mercy for graceful operations on workers is 60 seconds
mapped 63988 bytes (62 KB) for 1 cores
*** Operational MODE: single process ***
WSGI app 0 (mountpoint='') ready in 0 seconds on interpreter 0x8a03e08 pid: 7024 (default app)
*** uWSGI is running in multiple interpreter mode ***
spawned uWSGI worker 1 (and the only) (pid: 7024, cores: 1)
*** Starting uWSGI 2.0.10 (32bit) on [Fri Apr 17 18:24:37 2015] ***
compiled with version: 4.6.3 on 16 April 2015 17:30:06
os: Linux-3.13.0-32-generic #57~precise1-Ubuntu SMP Tue Jul 15 03:50:54 UTC 2014
nodename: cucu-a
machine: i686
clock source: unix
detected number of CPU cores: 1
current working directory: /home/cucu/web
detected binary path: /usr/local/bin/uwsgi
!!! no internal routing support, rebuild with pcre support !!!
*** WARNING: you are running uWSGI without its master process manager ***
your processes number limit is 15976
your memory page size is 4096 bytes
detected max file descriptor number: 1024
lock engine: pthread robust mutexes
thunder lock: disabled (you can enable it with --thunder-lock)
probably another instance of uWSGI is running on the same address (:8000).
bind(): Address already in use [core/socket.c line 764]
*** Starting uWSGI 2.0.10 (32bit) on [Fri Apr 17 18:24:40 2015] ***
compiled with version: 4.6.3 on 16 April 2015 17:30:06
os: Linux-3.13.0-32-generic #57~precise1-Ubuntu SMP Tue Jul 15 03:50:54 UTC 2014
nodename: cucu-a
machine: i686
clock source: unix
detected number of CPU cores: 1
current working directory: /home/cucu/web
detected binary path: /usr/local/bin/uwsgi
!!! no internal routing support, rebuild with pcre support !!!
*** WARNING: you are running uWSGI without its master process manager ***
your processes number limit is 15976
your memory page size is 4096 bytes
detected max file descriptor number: 1024
lock engine: pthread robust mutexes
thunder lock: disabled (you can enable it with --thunder-lock)
probably another instance of uWSGI is running on the same address (:8000).
bind(): Address already in use [core/socket.c line 764]
invalid request block size: 21573 (max 4096)...skip
[pid: 7024|app: 0|req: 1/1] 127.0.0.1 () {42 vars in 698 bytes} [Fri Apr 17 10:26:28 2015] GET / => generated 1604 bytes in 32 msecs (HTTP/1.1 200) 3 headers in 102 bytes (1 switches on core 0)
[pid: 7024|app: 0|req: 2/2] 127.0.0.1 () {42 vars in 698 bytes} [Fri Apr 17 10:28:19 2015] GET / => generated 1604 bytes in 2 msecs (HTTP/1.1 200) 3 headers in 102 bytes (1 switches on core 0)
[pid: 7024|app: 0|req: 3/3] 127.0.0.1 () {42 vars in 698 bytes} [Fri Apr 17 10:28:37 2015] GET / => generated 1604 bytes in 4 msecs (HTTP/1.1 200) 3 headers in 102 bytes (1 switches on core 0)
[pid: 7024|app: 0|req: 4/4] 127.0.0.1 () {42 vars in 698 bytes} [Fri Apr 17 10:29:58 2015] GET / => generated 1604 bytes in 3 msecs (HTTP/1.1 200) 3 headers in 102 bytes (1 switches on core 0)
[pid: 7024|app: 0|req: 5/5] 127.0.0.1 () {42 vars in 698 bytes} [Fri Apr 17 10:31:01 2015] GET / => generated 1604 bytes in 4 msecs (HTTP/1.1 200) 3 headers in 102 bytes (1 switches on core 0)
[pid: 7024|app: 0|req: 6/6] 127.0.0.1 () {42 vars in 698 bytes} [Fri Apr 17 10:31:15 2015] GET / => generated 1604 bytes in 2 msecs (HTTP/1.1 200) 3 headers in 102 bytes (1 switches on core 0)
[pid: 7024|app: 0|req: 7/7] 127.0.0.1 () {44 vars in 769 bytes} [Fri Apr 17 10:31:15 2015] GET /media/fonts/telex-regular.css => generated 3037 bytes in 19 msecs (HTTP/1.1 404) 3 headers in 94 bytes (1 switches on core 0)
[pid: 7024|app: 0|req: 8/8] 127.0.0.1 () {42 vars in 698 bytes} [Fri Apr 17 10:31:19 2015] GET / => generated 1604 bytes in 7 msecs (HTTP/1.1 200) 3 headers in 102 bytes (1 switches on core 0)
[pid: 7024|app: 0|req: 9/9] 127.0.0.1 () {44 vars in 769 bytes} [Fri Apr 17 10:31:19 2015] GET /media/fonts/telex-regular.css => generated 3037 bytes in 11 msecs (HTTP/1.1 404) 3 headers in 94 bytes (1 switches on core 0)
